<?xml version="1.0" encoding="UTF-8"?>
<testsuite xmlns:xsi="http://www.w3.org/2001/XMLSchema-instance" xsi:noNamespaceSchemaLocation="https://maven.apache.org/surefire/maven-surefire-plugin/xsd/surefire-test-report-3.0.xsd" version="3.0" name="NewEmptyJUnitTest" time="0.024" tests="2" errors="0" skipped="0" failures="0">
  <properties>
[...]
</properties>
  <testcase name="DINERSCTLS" classname="NewEmptyJUnitTest" time="0.006"/>
  <testcase name="AMEXCTLS" classname="NewEmptyJUnitTest" time="0.01">
    <system-out><![CDATA[00C3DF80800001049C01009F0605A000000025DF8080600101DF80800281A69F01061234567890129F090200019F160F3132333435363738393031323334359F150212349F4E0D54657374204D65726368616E749F1C0846726F6E743132339F1A0200009F1E083832313030303031DF808061010E9F3501219F3303E0F8C89F1B0400000000DF808020050000000000DF808021050000000000DF808022050000000000DF80802A06000099999900DF80802B06000000000000DF80802C06000000015000
com.kriptops.n98aidbuilder.tlv.BerTlvs@44a7bfbc
DF808000 (TAG_PLATFORM_KERNEL_ID) 04
9C (Transaction Type) 00
9F06 (Application Identifier) A000000025
DF808060 (TAG_PLATFORM_AID_ASI) 01
DF808002 (TAG_PLATFORM_APP_PARAM_DATA) 9F01061234567890129F090200019F160F3132333435363738393031323334359F150212349F4E0D54657374204D65726368616E749F1C0846726F6E743132339F1A0200009F1E083832313030303031DF808061010E9F3501219F3303E0F8C89F1B0400000000DF808020050000000000DF808021050000000000DF808022050000000000DF80802A06000099999900DF80802B06000000000000DF80802C06000000015000
	9F01 (Acquirer Identifier) 123456789012
	9F09 (Application Version Number) 0001
	9F16 (Merchant Identifier) 313233343536373839303132333435
	9F15 (Merchant Category Code) 1234
	9F4E () 54657374204D65726368616E74
	9F1C () 46726F6E74313233
	9F1A () 0000
	9F1E () 3832313030303031
	DF808061 () 0E
	9F35 () 21
	9F33 () E0F8C8
	9F1B (Terminal Floor Limit) 00000000
	DF808020 (TAC_DENIAL) 0000000000
	DF808021 (TAC_DEFAULT) 0000000000
	DF808022 (TAC_ONLINE) 0000000000
	DF80802A (TAG_PLATFORM_READER_CONTACTLESS_TRANS_LIMIT) 000099999900
	DF80802B (TAG_PLATFORM_READER_CONTACTLESS_FLOOR_LIMIT) 000000000000
	DF80802C (TAG_PLATFORM_READER_CVM_REQUIRE_LIMIT) 000000015000
]]></system-out>
  </testcase>
</testsuite>