<?xml version="1.0" encoding="UTF-8"?>
<testsuite xmlns:xsi="http://www.w3.org/2001/XMLSchema-instance" xsi:noNamespaceSchemaLocation="https://maven.apache.org/surefire/maven-surefire-plugin/xsd/surefire-test-report-3.0.xsd" version="3.0" name="NewEmptyJUnitTest" time="0.077" tests="1" errors="0" skipped="0" failures="0">
  <properties>
[...]
</properties>
  <testcase name="amex_diners" classname="NewEmptyJUnitTest" time="0.058">
    <system-out><![CDATA[AID DINERS CONTACTLESS: 
009ADF80800001069C01009F0607A0000001523010DF8080600101DF8080027C9F090200019F160F3030303030303030303030303030309F150253119F4E0E43756C716920437573746F6D65729F1C085465726D696E616C9F1A0206049F660404C00000DF80802801009F1B0400000000DF80802A06000099999900DF80802B06000000000000DF80802C060000000150009F3501219F3303E0F8C8

Descripcion:
DF808000 (TAG_PLATFORM_TAG_PLATFORM_KERNEL_ID) 06
9C (Transaction Type) 00
9F06 (Application Identifier) A0000001523010
DF808060 (TAG_PLATFORM_AID_ASI) 01
DF808002 (TAG_PLATFORM_TAG_PLATFORM_APP_PARAM_DATA) 9F090200019F160F3030303030303030303030303030309F150253119F4E0E43756C716920437573746F6D65729F1C085465726D696E616C9F1A0206049F660404C00000DF80802801009F1B0400000000DF80802A06000099999900DF80802B06000000000000DF80802C060000000150009F3501219F3303E0F8C8
	9F09 (Application Version Number) 0001
	9F16 (Merchant Identifier) 303030303030303030303030303030
	9F15 (Merchant Category Code) 5311
	9F4E (Merchant Name and Location) 43756C716920437573746F6D6572
	9F1C (Terminal Identification) 5465726D696E616C
	9F1A (Terminal Country Code) 0604
	9F66 () 04C00000
	DF808028 () 00
	9F1B (Terminal Floor Limit) 00000000
	DF80802A (TAG_PLATFORM_READER_CONTACTLESS_TRANS_LIMIT) 000099999900
	DF80802B (TAG_PLATFORM_READER_CONTACTLESS_FLOOR_LIMIT) 000000000000
	DF80802C (TAG_PLATFORM_READER_CVM_REQUIRE_LIMIT) 000000015000
	9F35 (Terminal Type) 21
	9F33 (Terminal Capabilities) E0F8C8


]]></system-out>
  </testcase>
</testsuite>